# JRE version: OpenJDK Runtime Environment Temurin-21.0.7+6 (21.0.7+6) (build 21.0.7+6-LTS)
# Java VM: OpenJDK 64-Bit Server VM Temurin-21.0.7+6 (21.0.7+6-LTS, mixed mode, sharing, tiered, compressed oops, compressed class ptrs, g1 gc, windows-amd64)
GC Precious Log:
 CardTable entry size: 512
 Card Set container configuration: InlinePtr #cards 4 size 8 Array Of Cards #cards 16 size 48 Howl #buckets 8 coarsen threshold 3686 Howl Bitmap #cards 512 size 80 coarsen threshold 460 Card regions per heap region 1 cards per card region 4096
 CPUs: 12 total, 12 available
 Memory: 16076M
 Large Page Support: Disabled
 NUMA Support: Disabled
 Compressed Oops: Enabled (Zero based)
 Heap Region Size: 2M
 Heap Min Capacity: 8M
 Heap Initial Capacity: 252M
 Heap Max Capacity: 4020M
 Pre-touch: Disabled
 Parallel Workers: 10
 Concurrent Workers: 3
 Concurrent Refinement Workers: 10
 Periodic GC: Disabled
Heap:
 garbage-first heap   total 108544K, used 49620K [0x0000000704c00000, 0x0000000800000000)
  region size 2048K, 11 young (22528K), 0 survivors (0K)
 Metaspace       used 78165K, committed 79040K, reserved 1179648K
  class space    used 9678K, committed 10048K, reserved 1048576K
GC Heap History (20 events):
Event: 618.267 GC heap before
{Heap before GC invocations=40 (full 6):
 garbage-first heap   total 86016K, used 68485K [0x0000000704c00000, 0x0000000800000000)
  region size 2048K, 21 young (43008K), 2 survivors (4096K)
 Metaspace       used 75277K, committed 76096K, reserved 1179648K
  class space    used 9508K, committed 9856K, reserved 1048576K
}
Event: 618.356 GC heap after
{Heap after GC invocations=41 (full 7):
 garbage-first heap   total 86016K, used 27885K [0x0000000704c00000, 0x0000000800000000)
  region size 2048K, 0 young (0K), 0 survivors (0K)
 Metaspace       used 75274K, committed 76096K, reserved 1179648K
  class space    used 9507K, committed 9856K, reserved 1048576K
}
Event: 619.498 GC heap before
{Heap before GC invocations=41 (full 7):
 garbage-first heap   total 86016K, used 70893K [0x0000000704c00000, 0x0000000800000000)
  region size 2048K, 21 young (43008K), 0 survivors (0K)
 Metaspace       used 75494K, committed 76288K, reserved 1179648K
  class space    used 9520K, committed 9856K, reserved 1048576K
}
Event: 619.503 GC heap after
{Heap after GC invocations=42 (full 7):
 garbage-first heap   total 86016K, used 31763K [0x0000000704c00000, 0x0000000800000000)
  region size 2048K, 2 young (4096K), 2 survivors (4096K)
 Metaspace       used 75494K, committed 76288K, reserved 1179648K
  class space    used 9520K, committed 9856K, reserved 1048576K
}
Event: 620.502 GC heap before
{Heap before GC invocations=43 (full 7):
 garbage-first heap   total 86016K, used 70675K [0x0000000704c00000, 0x0000000800000000)
  region size 2048K, 21 young (43008K), 2 survivors (4096K)
 Metaspace       used 75964K, committed 76800K, reserved 1179648K
  class space    used 9547K, committed 9920K, reserved 1048576K
}
Event: 620.509 GC heap after
{Heap after GC invocations=44 (full 7):
 garbage-first heap   total 86016K, used 33351K [0x0000000704c00000, 0x0000000800000000)
  region size 2048K, 2 young (4096K), 2 survivors (4096K)
 Metaspace       used 75964K, committed 76800K, reserved 1179648K
  class space    used 9547K, committed 9920K, reserved 1048576K
}
Event: 621.909 GC heap before
{Heap before GC invocations=44 (full 7):
 garbage-first heap   total 86016K, used 35399K [0x0000000704c00000, 0x0000000800000000)
  region size 2048K, 4 young (8192K), 2 survivors (4096K)
 Metaspace       used 75973K, committed 76800K, reserved 1179648K
  class space    used 9548K, committed 9920K, reserved 1048576K
}
Event: 621.991 GC heap after
{Heap after GC invocations=45 (full 8):
 garbage-first heap   total 86016K, used 28179K [0x0000000704c00000, 0x0000000800000000)
  region size 2048K, 0 young (0K), 0 survivors (0K)
 Metaspace       used 75971K, committed 76800K, reserved 1179648K
  class space    used 9547K, committed 9920K, reserved 1048576K
}
Event: 622.644 GC heap before
{Heap before GC invocations=45 (full 8):
 garbage-first heap   total 86016K, used 71187K [0x0000000704c00000, 0x0000000800000000)
  region size 2048K, 22 young (45056K), 0 survivors (0K)
 Metaspace       used 76167K, committed 76992K, reserved 1179648K
  class space    used 9559K, committed 9920K, reserved 1048576K
}
Event: 622.649 GC heap after
{Heap after GC invocations=46 (full 8):
 garbage-first heap   total 108544K, used 32200K [0x0000000704c00000, 0x0000000800000000)
  region size 2048K, 2 young (4096K), 2 survivors (4096K)
 Metaspace       used 76167K, committed 76992K, reserved 1179648K
  class space    used 9559K, committed 9920K, reserved 1048576K
}
Event: 627.745 GC heap before
{Heap before GC invocations=46 (full 8):
 garbage-first heap   total 108544K, used 69064K [0x0000000704c00000, 0x0000000800000000)
  region size 2048K, 21 young (43008K), 2 survivors (4096K)
 Metaspace       used 76628K, committed 77504K, reserved 1179648K
  class space    used 9585K, committed 9984K, reserved 1048576K
}
Event: 627.828 GC heap after
{Heap after GC invocations=47 (full 9):
 garbage-first heap   total 108544K, used 28503K [0x0000000704c00000, 0x0000000800000000)
  region size 2048K, 0 young (0K), 0 survivors (0K)
 Metaspace       used 76625K, committed 77504K, reserved 1179648K
  class space    used 9585K, committed 9984K, reserved 1048576K
}
Event: 628.720 GC heap before
{Heap before GC invocations=47 (full 9):
 garbage-first heap   total 108544K, used 87895K [0x0000000704c00000, 0x0000000800000000)
  region size 2048K, 29 young (59392K), 0 survivors (0K)
 Metaspace       used 77142K, committed 77952K, reserved 1179648K
  class space    used 9616K, committed 9984K, reserved 1048576K
}
Event: 628.725 GC heap after
{Heap after GC invocations=48 (full 9):
 garbage-first heap   total 108544K, used 33427K [0x0000000704c00000, 0x0000000800000000)
  region size 2048K, 3 young (6144K), 3 survivors (6144K)
 Metaspace       used 77142K, committed 77952K, reserved 1179648K
  class space    used 9616K, committed 9984K, reserved 1048576K
}
Event: 633.505 GC heap before
{Heap before GC invocations=48 (full 9):
 garbage-first heap   total 108544K, used 55955K [0x0000000704c00000, 0x0000000800000000)
  region size 2048K, 15 young (30720K), 3 survivors (6144K)
 Metaspace       used 77343K, committed 78208K, reserved 1179648K
  class space    used 9626K, committed 9984K, reserved 1048576K
}
Event: 633.594 GC heap after
{Heap after GC invocations=49 (full 10):
 garbage-first heap   total 108544K, used 28804K [0x0000000704c00000, 0x0000000800000000)
  region size 2048K, 0 young (0K), 0 survivors (0K)
 Metaspace       used 77340K, committed 78208K, reserved 1179648K
  class space    used 9626K, committed 9984K, reserved 1048576K
}
Event: 634.541 GC heap before
{Heap before GC invocations=49 (full 10):
 garbage-first heap   total 108544K, used 86148K [0x0000000704c00000, 0x0000000800000000)
  region size 2048K, 28 young (57344K), 0 survivors (0K)
 Metaspace       used 77784K, committed 78656K, reserved 1179648K
  class space    used 9656K, committed 10048K, reserved 1048576K
}
Event: 634.545 GC heap after
{Heap after GC invocations=50 (full 10):
 garbage-first heap   total 108544K, used 33750K [0x0000000704c00000, 0x0000000800000000)
  region size 2048K, 3 young (6144K), 3 survivors (6144K)
 Metaspace       used 77784K, committed 78656K, reserved 1179648K
  class space    used 9656K, committed 10048K, reserved 1048576K
}
Event: 640.338 GC heap before
{Heap before GC invocations=50 (full 10):
 garbage-first heap   total 108544K, used 58326K [0x0000000704c00000, 0x0000000800000000)
  region size 2048K, 16 young (32768K), 3 survivors (6144K)
 Metaspace       used 78058K, committed 78912K, reserved 1179648K
  class space    used 9668K, committed 10048K, reserved 1048576K
}
Event: 640.418 GC heap after
{Heap after GC invocations=51 (full 11):
 garbage-first heap   total 108544K, used 29140K [0x0000000704c00000, 0x0000000800000000)
  region size 2048K, 0 young (0K), 0 survivors (0K)
 Metaspace       used 78055K, committed 78912K, reserved 1179648K
  class space    used 9668K, committed 10048K, reserved 1048576K
}

